{"level":"info","msg":"定时任务开始","time":"2022-09-27T13:18:04+08:00"}
{"level":"info","msg":"GC定时任务开始","time":"2022-09-27T13:18:04+08:00"}
{"level":"info","msg":"监听开始","time":"2022-09-27T13:18:04+08:00"}
{"level":"info","msg":"begin GC2022-09-27 13:18:04.8121728 +0800 CST m=+0.016111901","time":"2022-09-27T13:18:04+08:00"}
{"level":"info","msg":"find_type:  group  group:  5.77535399e+08","time":"2022-09-27T13:18:15+08:00"}
{"level":"info","msg":"find_type:  group  group:  5.77535399e+08","time":"2022-09-27T13:18:15+08:00"}
{"level":"info","msg":"find_type:  group  group:  5.77535399e+08","time":"2022-09-27T13:18:15+08:00"}
{"level":"info","msg":"find_type:  group  group:  5.77535399e+08","time":"2022-09-27T13:18:15+08:00"}
{"level":"info","msg":"find_type:  group  group:  5.77535399e+08","time":"2022-09-27T13:18:15+08:00"}
{"level":"info","msg":"find_type:  group  group:  5.77535399e+08","time":"2022-09-27T13:18:15+08:00"}
{"level":"info","msg":"find_type:  group  group:  5.77535399e+08","time":"2022-09-27T13:18:15+08:00"}
{"level":"info","msg":"find_type:  group  group:  5.77535399e+08","time":"2022-09-27T13:18:15+08:00"}
{"level":"info","msg":"find_type:  group  group:  5.77535399e+08","time":"2022-09-27T13:18:15+08:00"}
{"level":"info","msg":"find_type:  group  group:  5.77535399e+08","time":"2022-09-27T13:18:15+08:00"}
{"level":"info","msg":"find_type:  group  group:  5.77535399e+08","time":"2022-09-27T13:18:15+08:00"}
{"level":"info","msg":"find_type:  group  group:  5.77535399e+08","time":"2022-09-27T13:18:15+08:00"}
{"level":"info","msg":"find_type:  group  group:  5.77535399e+08","time":"2022-09-27T13:21:32+08:00"}
{"level":"info","msg":"find_type:  group  group:  5.77535399e+08","time":"2022-09-27T13:21:34+08:00"}
{"level":"info","msg":"find_type:  group  group:  5.77535399e+08","time":"2022-09-27T13:21:34+08:00"}
{"level":"info","msg":"find_type:  group  group:  5.77535399e+08","time":"2022-09-27T13:21:34+08:00"}
{"level":"info","msg":"find_type:  group  group:  5.77535399e+08","time":"2022-09-27T13:21:34+08:00"}
{"level":"info","msg":"find_type:  group  group:  5.77535399e+08","time":"2022-09-27T13:21:34+08:00"}
{"level":"info","msg":"find_type:  group  group:  5.77535399e+08","time":"2022-09-27T13:21:34+08:00"}
{"level":"info","msg":"find_type:  group  group:  5.77535399e+08","time":"2022-09-27T13:21:34+08:00"}
{"level":"info","msg":"find_type:  group  group:  5.77535399e+08","time":"2022-09-27T13:21:34+08:00"}
{"level":"info","msg":"find_type:  group  group:  5.77535399e+08","time":"2022-09-27T13:21:34+08:00"}
{"level":"info","msg":"find_type:  group  group:  5.77535399e+08","time":"2022-09-27T13:21:34+08:00"}
{"level":"info","msg":"find_type:  group  group:  5.77535399e+08","time":"2022-09-27T13:21:34+08:00"}
{"level":"info","msg":"find_type:  group  group:  5.77535399e+08","time":"2022-09-27T13:21:34+08:00"}
{"level":"info","msg":"find_type:  group  group:  5.77535399e+08","time":"2022-09-27T13:21:34+08:00"}
{"level":"info","msg":"find_type:  group  group:  5.77535399e+08","time":"2022-09-27T13:21:34+08:00"}
{"level":"info","msg":"find_type:  group  group:  5.77535399e+08","time":"2022-09-27T13:21:34+08:00"}
{"level":"info","msg":"find_type:  group  group:  5.77535399e+08","time":"2022-09-27T13:21:34+08:00"}
{"level":"info","msg":"find_type:  group  group:  5.77535399e+08","time":"2022-09-27T13:21:34+08:00"}
{"level":"info","msg":"find_type:  group  group:  5.77535399e+08","time":"2022-09-27T13:21:34+08:00"}
{"level":"info","msg":"find_type:  group  group:  5.77535399e+08","time":"2022-09-27T13:21:34+08:00"}
{"level":"info","msg":"find_type:  group  group:  5.77535399e+08","time":"2022-09-27T13:21:34+08:00"}
{"level":"info","msg":"find_type:  group  group:  5.77535399e+08","time":"2022-09-27T13:21:35+08:00"}
{"level":"info","msg":"find_type:  group  group:  5.77535399e+08","time":"2022-09-27T13:22:25+08:00"}
{"level":"info","msg":"find_type:  group  group:  5.77535399e+08","time":"2022-09-27T13:22:51+08:00"}
{"level":"info","msg":"find_type:  group  group:  5.77535399e+08","time":"2022-09-27T13:22:59+08:00"}
{"level":"info","msg":"find_type:  group  group:  5.77535399e+08","time":"2022-09-27T13:23:12+08:00"}
{"level":"info","msg":"find_type:  group  group:  5.77535399e+08","time":"2022-09-27T13:23:22+08:00"}
{"level":"info","msg":"find_type:  group  group:  5.77535399e+08","time":"2022-09-27T13:23:35+08:00"}
{"level":"info","msg":"find_type:  group  group:  5.77535399e+08","time":"2022-09-27T13:23:49+08:00"}
{"level":"info","msg":"find_type:  group  group:  5.77535399e+08","time":"2022-09-27T13:23:55+08:00"}
{"level":"info","msg":"find_type:  group  group:  5.77535399e+08","time":"2022-09-27T13:24:18+08:00"}
{"level":"info","msg":"find_type:  group  group:  5.77535399e+08","time":"2022-09-27T13:25:03+08:00"}
{"level":"info","msg":"find_type:  group  group:  5.77535399e+08","time":"2022-09-27T13:25:52+08:00"}
{"level":"info","msg":"find_type:  group  group:  5.77535399e+08","time":"2022-09-27T13:25:55+08:00"}
{"level":"info","msg":"find_type:  group  group:  5.77535399e+08","time":"2022-09-27T13:27:12+08:00"}
{"level":"info","msg":"find_type:  group  group:  5.77535399e+08","time":"2022-09-27T13:27:56+08:00"}
{"level":"info","msg":"find_type:  group  group:  5.77535399e+08","time":"2022-09-27T13:28:30+08:00"}
{"level":"info","msg":"find_type:  group  group:  5.77535399e+08","time":"2022-09-27T13:29:30+08:00"}
{"level":"info","msg":"find_type:  group  group:  5.77535399e+08","time":"2022-09-27T13:29:43+08:00"}
{"level":"info","msg":"find_type:  group  group:  5.77535399e+08","time":"2022-09-27T13:29:58+08:00"}
{"level":"info","msg":"find_type:  group  group:  5.77535399e+08","time":"2022-09-27T13:30:24+08:00"}
{"level":"info","msg":"find_type:  group  group:  5.77535399e+08","time":"2022-09-27T13:30:25+08:00"}
{"level":"info","msg":"find_type:  group  group:  5.77535399e+08","time":"2022-09-27T13:30:38+08:00"}
{"level":"info","msg":"find_type:  group  group:  5.77535399e+08","time":"2022-09-27T13:31:05+08:00"}
{"level":"info","msg":"find_type:  group  group:  5.77535399e+08","time":"2022-09-27T13:31:05+08:00"}
{"level":"info","msg":"find_type:  group  group:  5.77535399e+08","time":"2022-09-27T13:31:05+08:00"}
{"level":"info","msg":"find_type:  group  group:  5.77535399e+08","time":"2022-09-27T13:31:05+08:00"}
{"level":"info","msg":"find_type:  group  group:  5.77535399e+08","time":"2022-09-27T13:31:05+08:00"}
{"level":"info","msg":"find_type:  group  group:  5.77535399e+08","time":"2022-09-27T13:31:05+08:00"}
{"level":"info","msg":"find_type:  group  group:  5.77535399e+08","time":"2022-09-27T13:31:50+08:00"}
{"level":"info","msg":"find_type:  group  group:  5.77535399e+08","time":"2022-09-27T13:32:04+08:00"}
{"level":"info","msg":"find_type:  group  group:  5.77535399e+08","time":"2022-09-27T13:32:04+08:00"}
{"level":"info","msg":"find_type:  group  group:  5.77535399e+08","time":"2022-09-27T13:32:04+08:00"}
d result is nil","time":"2022-09-26T17:23:21+08:00"}
{"level":"error","msg":"find result is nil","time":"2022-09-26T17:23:26+08:00"}
{"level":"error","msg":"find result is nil","time":"2022-09-26T17:23:31+08:00"}
{"level":"error","msg":"find result is nil","time":"2022-09-26T17:23:36+08:00"}
{"level":"error","msg":"find result is nil","time":"2022-09-26T17:23:41+08:00"}
{"level":"error","msg":"find result is nil","time":"2022-09-26T17:23:46+08:00"}
{"level":"error","msg":"find result is nil","time":"2022-09-26T17:23:51+08:00"}
{"level":"error","msg":"find result is nil","time":"2022-09-26T17:23:56+08:00"}
{"level":"error","msg":"find result is nil","time":"2022-09-26T17:24:01+08:00"}
{"level":"error","msg":"find result is nil","time":"2022-09-26T17:24:06+08:00"}
{"level":"error","msg":"find result is nil","time":"2022-09-26T17:24:11+08:00"}
{"level":"error","msg":"find result is nil","time":"2022-09-26T17:24:16+08:00"}
{"level":"error","msg":"find result is nil","time":"2022-09-26T17:24:21+08:00"}
{"level":"error","msg":"find result is nil","time":"2022-09-26T17:24:26+08:00"}
{"level":"error","msg":"find result is nil","time":"2022-09-26T17:24:31+08:00"}
{"level":"error","msg":"find result is nil","time":"2022-09-26T17:24:36+08:00"}
{"level":"error","msg":"find result is nil","time":"2022-09-26T17:24:41+08:00"}
{"level":"error","msg":"find result is nil","time":"2022-09-26T17:24:46+08:00"}
{"level":"error","msg":"find result is nil","time":"2022-09-26T17:24:51+08:00"}
{"level":"error","msg":"find result is nil","time":"2022-09-26T17:24:56+08:00"}
{"level":"error","msg":"find result is nil","time":"2022-09-26T17:25:01+08:00"}
{"level":"error","msg":"find result is nil","time":"2022-09-26T17:25:06+08:00"}
{"level":"error","msg":"find result is nil","time":"2022-09-26T17:25:11+08:00"}
{"level":"error","msg":"find result is nil","time":"2022-09-26T17:25:16+08:00"}
{"level":"error","msg":"find result is nil","time":"2022-09-26T17:25:21+08:00"}
{"level":"error","msg":"find result is nil","time":"2022-09-26T17:25:26+08:00"}
{"level":"error","msg":"find result is nil","time":"2022-09-26T17:25:31+08:00"}
{"level":"error","msg":"find result is nil","time":"2022-09-26T17:25:36+08:00"}
